<?xml version="1.0" encoding="UTF-8"?>
<!-- Generated by org.testng.reporters.JUnitXMLReporter -->
<testsuite ignored="2" hostname="MSI" failures="0" tests="2" name="Google Test" time="19.143" errors="0" timestamp="2023-08-24T12:00:28 IST">
  <testcase classname="testcases.Working" name="nameTest" time="7.193"/>
  <testcase classname="testcases.Search" name="testButton" time="6.343"/>
  <testcase classname="base.baseTest" name="@AfterTest tearDown" time="0.0">
    <ignored/>
  </testcase> <!-- @AfterTest tearDown -->
  <testcase classname="base.baseTest" name="@BeforeTest setUp" time="0.0">
    <ignored/>
  </testcase> <!-- @BeforeTest setUp -->
</testsuite> <!-- Google Test -->
